<?xml version="1.0" encoding="UTF-8"?>
<!-- Generated by org.testng.reporters.JUnitReportReporter -->
<testsuite skipped="0" hostname="TL0017" name="testcase.LoginTestCase" tests="2" failures="0" timestamp="2022-04-13T10:45:21 IST" time="24.565" errors="0">
  <testcase name="Login_01" time="15.855" classname="testcase.LoginTestCase"/>
  <system-out/>
  <testcase name="Login_01" time="8.710" classname="testcase.LoginTestCase"/>
  <system-out/>
</testsuite> <!-- testcase.LoginTestCase -->
